Using pre-set license
Built from '2021.3/staging' branch; Version is '2021.3.45f1 (0da89fac8e79) revision 895135'; Using compiler version '192829333'; Build Type 'Release'
OS: 'Windows 11  (10.0.26100) 64bit CoreSingleLanguage' Language: 'es' Physical Memory: 7896 MB
BatchMode: 1, IsHumanControllingUs: 0, StartBugReporterOnCrash: 0, Is64bit: 1, IsPro: 1

COMMAND LINE ARGUMENTS:
C:\Program Files\Unity\Hub\Editor\2021.3.45f1\Editor\Unity.exe
-adb2
-batchMode
-noUpm
-name
AssetImportWorker4
-projectPath
C:/Users/lunam/OneDrive/Escritorio/fps_tal
-logFile
Logs/AssetImportWorker4.log
-srvPort
63196
Successfully changed project path to: C:/Users/lunam/OneDrive/Escritorio/fps_tal
C:/Users/lunam/OneDrive/Escritorio/fps_tal
[UnityMemory] Configuration Parameters - Can be set up in boot.config
    "memorysetup-bucket-allocator-granularity=16"
    "memorysetup-bucket-allocator-bucket-count=8"
    "memorysetup-bucket-allocator-block-size=33554432"
    "memorysetup-bucket-allocator-block-count=8"
    "memorysetup-main-allocator-block-size=16777216"
    "memorysetup-thread-allocator-block-size=16777216"
    "memorysetup-gfx-main-allocator-block-size=16777216"
    "memorysetup-gfx-thread-allocator-block-size=16777216"
    "memorysetup-cache-allocator-block-size=4194304"
    "memorysetup-typetree-allocator-block-size=2097152"
    "memorysetup-profiler-bucket-allocator-granularity=16"
    "memorysetup-profiler-bucket-allocator-bucket-count=8"
    "memorysetup-profiler-bucket-allocator-block-size=33554432"
    "memorysetup-profiler-bucket-allocator-block-count=8"
    "memorysetup-profiler-allocator-block-size=16777216"
    "memorysetup-profiler-editor-allocator-block-size=1048576"
    "memorysetup-temp-allocator-size-main=16777216"
    "memorysetup-job-temp-allocator-block-size=2097152"
    "memorysetup-job-temp-allocator-block-size-background=1048576"
    "memorysetup-job-temp-allocator-reduction-small-platforms=262144"
    "memorysetup-temp-allocator-size-background-worker=32768"
    "memorysetup-temp-allocator-size-job-worker=262144"
    "memorysetup-temp-allocator-size-preload-manager=33554432"
    "memorysetup-temp-allocator-size-nav-mesh-worker=65536"
    "memorysetup-temp-allocator-size-audio-worker=65536"
    "memorysetup-temp-allocator-size-cloud-worker=32768"
    "memorysetup-temp-allocator-size-gi-baking-worker=262144"
    "memorysetup-temp-allocator-size-gfx=262144"
Player connection [23376] Host "[IP] 192.168.56.1 [Port] 0 [Flags] 2 [Guid] 3871109094 [EditorId] 3871109094 [Version] 1048832 [Id] WindowsEditor(7,Luna) [Debug] 1 [PackageName] WindowsEditor [ProjectName] Editor" joined multi-casting on [225.0.0.222:54997]...

Player connection [23376] Host "[IP] 192.168.56.1 [Port] 0 [Flags] 2 [Guid] 3871109094 [EditorId] 3871109094 [Version] 1048832 [Id] WindowsEditor(7,Luna) [Debug] 1 [PackageName] WindowsEditor [ProjectName] Editor" joined alternative multi-casting on [225.0.0.222:34997]...

[Physics::Module] Initialized MultithreadedJobDispatcher with {0} workers.
Refreshing native plugins compatible for Editor in 55.95 ms, found 3 plugins.
Preloading 0 native plugins for Editor in 0.00 ms.
Initialize engine version: 2021.3.45f1 (0da89fac8e79)
[Subsystems] Discovering subsystems at path C:/Program Files/Unity/Hub/Editor/2021.3.45f1/Editor/Data/Resources/UnitySubsystems
[Subsystems] Discovering subsystems at path C:/Users/lunam/OneDrive/Escritorio/fps_tal/Assets
GfxDevice: creating device client; threaded=0; jobified=0
Direct3D:
    Version:  Direct3D 11.0 [level 11.1]
    Renderer: NVIDIA GeForce RTX 3050 Laptop GPU (ID=0x25a2)
    Vendor:   NVIDIA
    VRAM:     3991 MB
    Driver:   30.0.15.1274
Initialize mono
Mono path[0] = 'C:/Program Files/Unity/Hub/Editor/2021.3.45f1/Editor/Data/Managed'
Mono path[1] = 'C:/Program Files/Unity/Hub/Editor/2021.3.45f1/Editor/Data/MonoBleedingEdge/lib/mono/unityjit-win32'
Mono config path = 'C:/Program Files/Unity/Hub/Editor/2021.3.45f1/Editor/Data/MonoBleedingEdge/etc'
Using monoOptions --debugger-agent=transport=dt_socket,embedding=1,server=y,suspend=n,address=127.0.0.1:56416
Begin MonoManager ReloadAssembly
Registering precompiled unity dll's ...
Register platform support module: C:/Program Files/Unity/Hub/Editor/2021.3.45f1/Editor/Data/PlaybackEngines/WindowsStandaloneSupport/UnityEditor.WindowsStandalone.Extensions.dll
Registered in 0.004481 seconds.
Native extension for WindowsStandalone target not found
Refreshing native plugins compatible for Editor in 38.27 ms, found 3 plugins.
Preloading 0 native plugins for Editor in 0.00 ms.
Mono: successfully reloaded assembly
- Completed reload, in  0.491 seconds
Domain Reload Profiling:
	ReloadAssembly (492ms)
		BeginReloadAssembly (117ms)
			ExecutionOrderSort (0ms)
			DisableScriptedObjects (0ms)
			BackupInstance (0ms)
			ReleaseScriptingObjects (0ms)
			CreateAndSetChildDomain (1ms)
		EndReloadAssembly (299ms)
			LoadAssemblies (115ms)
			RebuildTransferFunctionScriptingTraits (0ms)
			SetupTypeCache (80ms)
			ReleaseScriptCaches (0ms)
			RebuildScriptCaches (20ms)
			SetupLoadedEditorAssemblies (170ms)
				LogAssemblyErrors (0ms)
				InitializePlatformSupportModulesInManaged (5ms)
				SetLoadedEditorAssemblies (0ms)
				RefreshPlugins (38ms)
				BeforeProcessingInitializeOnLoad (1ms)
				ProcessInitializeOnLoadAttributes (89ms)
				ProcessInitializeOnLoadMethodAttributes (36ms)
				AfterProcessingInitializeOnLoad (0ms)
				EditorAssembliesLoaded (0ms)
			ExecutionOrderSort2 (0ms)
			AwakeInstancesAfterBackupRestoration (0ms)
Platform modules already initialized, skipping
Registering precompiled user dll's ...
Registered in 0.020335 seconds.
Begin MonoManager ReloadAssembly
Native extension for WindowsStandalone target not found
Refreshing native plugins compatible for Editor in 0.91 ms, found 3 plugins.
Preloading 0 native plugins for Editor in 0.00 ms.
Package Manager log level set to [2]
[Package Manager] Server::EnsureServerProcessIsRunning -- launch failed, reason: Unity was launched with the -noUpm command-line argument
[Package Manager] Cannot connect to Unity Package Manager local server
Mono: successfully reloaded assembly
- Completed reload, in  1.288 seconds
Domain Reload Profiling:
	ReloadAssembly (1288ms)
		BeginReloadAssembly (104ms)
			ExecutionOrderSort (0ms)
			DisableScriptedObjects (4ms)
			BackupInstance (0ms)
			ReleaseScriptingObjects (0ms)
			CreateAndSetChildDomain (15ms)
		EndReloadAssembly (1106ms)
			LoadAssemblies (136ms)
			RebuildTransferFunctionScriptingTraits (0ms)
			SetupTypeCache (219ms)
			ReleaseScriptCaches (1ms)
			RebuildScriptCaches (42ms)
			SetupLoadedEditorAssemblies (705ms)
				LogAssemblyErrors (0ms)
				InitializePlatformSupportModulesInManaged (5ms)
				SetLoadedEditorAssemblies (0ms)
				RefreshPlugins (1ms)
				BeforeProcessingInitializeOnLoad (48ms)
				ProcessInitializeOnLoadAttributes (625ms)
				ProcessInitializeOnLoadMethodAttributes (19ms)
				AfterProcessingInitializeOnLoad (6ms)
				EditorAssembliesLoaded (0ms)
			ExecutionOrderSort2 (0ms)
			AwakeInstancesAfterBackupRestoration (7ms)
Platform modules already initialized, skipping
========================================================================
Worker process is ready to serve import requests
Launched and connected shader compiler UnityShaderCompiler.exe after 0.06 seconds
Refreshing native plugins compatible for Editor in 0.47 ms, found 3 plugins.
Preloading 0 native plugins for Editor in 0.00 ms.
Unloading 3268 Unused Serialized files (Serialized files now loaded: 0)
Unloading 31 unused Assets / (1.0 MB). Loaded Objects now: 3747.
Memory consumption went from 139.9 MB to 138.9 MB.
Total: 2.908800 ms (FindLiveObjects: 0.210200 ms CreateObjectMapping: 0.087800 ms MarkObjects: 2.358500 ms  DeleteObjects: 0.251300 ms)

AssetImportParameters requested are different than current active one (requested -> active):
  custom:video-decoder-ogg-theora: a1e56fd34408186e4bbccfd4996cb3dc -> 
  custom:container-muxer-webm: aa71ff27fc2769a1b78a27578f13a17b -> 
  custom:container-demuxer-webm: 4f35f7cbe854078d1ac9338744f61a02 -> 
  custom:video-encoder-webm-vp8: eb34c28f22e8b96e1ab97ce403110664 -> 
  custom:CustomObjectIndexerAttribute: bc11b3a6c3213fcdd17b65e7da85e133 -> 
  custom:audio-encoder-webm-vorbis: bf7c407c2cedff20999df2af8eb42d56 -> 
  custom:framework-win-MediaFoundation: 216162199b28c13a410421893ffa2e32 -> 
  custom:SearchIndexIgnoredProperties: e643bd26f0fe6173181afceb89e7c659 -> 
  custom:container-demuxer-ogg: 62fdf1f143b41e24485cea50d1cbac27 -> 
  custom:video-decoder-webm-vp8: 9c59270c3fd7afecdb556c50c9e8de78 -> 
  custom:audio-decoder-ogg-vorbis: bf7c407c2cedff20999df2af8eb42d56 -> 
========================================================================
Received Import Request.
  Time since last request: 974716.286463 seconds.
  path: Assets/Flooded_Grounds/Prefabs/Helpers
  artifactKey: Guid(f895f34ade0839344bd5e489732abcc2) Importer(815301076,1909f56bfc062723c751e8b465ee728b)
Number of updated assets reloaded before import = 0
Start importing Assets/Flooded_Grounds/Prefabs/Helpers using Guid(f895f34ade0839344bd5e489732abcc2) Importer(815301076,1909f56bfc062723c751e8b465ee728b)  -> (artifact id: '308becb7c291eff7a6f17132aa2e0960') in 0.015972 seconds 
Number of asset objects unloaded after import = 0
========================================================================
Received Import Request.
  Time since last request: 0.064237 seconds.
  path: Assets/Flooded_Grounds/Prefabs/Helpers/_BLOCKERCUBE.prefab
  artifactKey: Guid(4884e3768e9a2544a85d07afad356d87) Importer(815301076,1909f56bfc062723c751e8b465ee728b)
Number of updated assets reloaded before import = 0
Start importing Assets/Flooded_Grounds/Prefabs/Helpers/_BLOCKERCUBE.prefab using Guid(4884e3768e9a2544a85d07afad356d87) Importer(815301076,1909f56bfc062723c751e8b465ee728b)  -> (artifact id: 'a526c3c9f88090b40dad0968b61af0ce') in 0.107190 seconds 
Number of asset objects unloaded after import = 11
========================================================================
Received Import Request.
  Time since last request: 349.197708 seconds.
  path: Assets/Flooded_Grounds/Prefabs/Helpers/HumanScale.prefab
  artifactKey: Guid(8c67a9f3ccb17194ebf03e2327df0c98) Importer(815301076,1909f56bfc062723c751e8b465ee728b)
Number of updated assets reloaded before import = 0
Start importing Assets/Flooded_Grounds/Prefabs/Helpers/HumanScale.prefab using Guid(8c67a9f3ccb17194ebf03e2327df0c98) Importer(815301076,1909f56bfc062723c751e8b465ee728b)  -> (artifact id: '84c40baedba5dbef0a3c8b31c7a725e1') in 0.069684 seconds 
Number of asset objects unloaded after import = 8
========================================================================
Received Prepare
Registering precompiled user dll's ...
Registered in 0.004433 seconds.
Begin MonoManager ReloadAssembly
Native extension for WindowsStandalone target not found
Refreshing native plugins compatible for Editor in 2.30 ms, found 3 plugins.
Preloading 0 native plugins for Editor in 0.00 ms.
[Package Manager] Server::EnsureServerProcessIsRunning -- launch failed, reason: Unity was launched with the -noUpm command-line argument
[Package Manager] Cannot connect to Unity Package Manager local server
Mono: successfully reloaded assembly
- Completed reload, in  1.956 seconds
Domain Reload Profiling:
	ReloadAssembly (1959ms)
		BeginReloadAssembly (557ms)
			ExecutionOrderSort (0ms)
			DisableScriptedObjects (29ms)
			BackupInstance (0ms)
			ReleaseScriptingObjects (0ms)
			CreateAndSetChildDomain (223ms)
		EndReloadAssembly (1295ms)
			LoadAssemblies (157ms)
			RebuildTransferFunctionScriptingTraits (0ms)
			SetupTypeCache (335ms)
			ReleaseScriptCaches (2ms)
			RebuildScriptCaches (52ms)
			SetupLoadedEditorAssemblies (756ms)
				LogAssemblyErrors (0ms)
				InitializePlatformSupportModulesInManaged (8ms)
				SetLoadedEditorAssemblies (1ms)
				RefreshPlugins (2ms)
				BeforeProcessingInitializeOnLoad (54ms)
				ProcessInitializeOnLoadAttributes (658ms)
				ProcessInitializeOnLoadMethodAttributes (26ms)
				AfterProcessingInitializeOnLoad (7ms)
				EditorAssembliesLoaded (0ms)
			ExecutionOrderSort2 (0ms)
			AwakeInstancesAfterBackupRestoration (11ms)
Platform modules already initialized, skipping
Refreshing native plugins compatible for Editor in 0.75 ms, found 3 plugins.
Preloading 0 native plugins for Editor in 0.00 ms.
Unloading 3219 Unused Serialized files (Serialized files now loaded: 0)
Unloading 26 unused Assets / (0.9 MB). Loaded Objects now: 3758.
Memory consumption went from 139.6 MB to 138.6 MB.
Total: 7.747400 ms (FindLiveObjects: 0.671600 ms CreateObjectMapping: 0.176300 ms MarkObjects: 6.189800 ms  DeleteObjects: 0.707900 ms)

AssetImportParameters requested are different than current active one (requested -> active):
  custom:video-decoder-ogg-theora: a1e56fd34408186e4bbccfd4996cb3dc -> 
  custom:container-muxer-webm: aa71ff27fc2769a1b78a27578f13a17b -> 
  custom:container-demuxer-webm: 4f35f7cbe854078d1ac9338744f61a02 -> 
  custom:video-encoder-webm-vp8: eb34c28f22e8b96e1ab97ce403110664 -> 
  custom:CustomObjectIndexerAttribute: bc11b3a6c3213fcdd17b65e7da85e133 -> 
  custom:audio-encoder-webm-vorbis: bf7c407c2cedff20999df2af8eb42d56 -> 
  custom:framework-win-MediaFoundation: 216162199b28c13a410421893ffa2e32 -> 
  custom:SearchIndexIgnoredProperties: e643bd26f0fe6173181afceb89e7c659 -> 
  custom:container-demuxer-ogg: 62fdf1f143b41e24485cea50d1cbac27 -> 
  custom:video-decoder-webm-vp8: 9c59270c3fd7afecdb556c50c9e8de78 -> 
  custom:audio-decoder-ogg-vorbis: bf7c407c2cedff20999df2af8eb42d56 -> 
========================================================================
Received Import Request.
  Time since last request: 1085.911311 seconds.
  path: Assets/Flooded_Grounds/Prefabs/Buildings
  artifactKey: Guid(d650cd9c979be7c438a7813cf204fe45) Importer(815301076,1909f56bfc062723c751e8b465ee728b)
Number of updated assets reloaded before import = 0
Start importing Assets/Flooded_Grounds/Prefabs/Buildings using Guid(d650cd9c979be7c438a7813cf204fe45) Importer(815301076,1909f56bfc062723c751e8b465ee728b)  -> (artifact id: '51bd1eca1c975a5763b15af9a8a86363') in 0.389314 seconds 
Number of asset objects unloaded after import = 0
========================================================================
Received Import Request.
  Time since last request: 1.974867 seconds.
  path: Assets/Flooded_Grounds/Prefabs/Buildings/BrickHouse
  artifactKey: Guid(3d604d1df35d3224f911dbc38e82c129) Importer(815301076,1909f56bfc062723c751e8b465ee728b)
Number of updated assets reloaded before import = 0
Start importing Assets/Flooded_Grounds/Prefabs/Buildings/BrickHouse using Guid(3d604d1df35d3224f911dbc38e82c129) Importer(815301076,1909f56bfc062723c751e8b465ee728b)  -> (artifact id: 'c1a9bc2f34e94d560cc7ba762664b5aa') in 0.003955 seconds 
Number of asset objects unloaded after import = 0
========================================================================
Received Import Request.
  Time since last request: 0.092958 seconds.
  path: Assets/Flooded_Grounds/Prefabs/Buildings/BrickHouse/BrickHouse_Base_Stairs_A.prefab
  artifactKey: Guid(5400facbffd6b5443b144ee5f7c15a1c) Importer(815301076,1909f56bfc062723c751e8b465ee728b)
Number of updated assets reloaded before import = 0
Start importing Assets/Flooded_Grounds/Prefabs/Buildings/BrickHouse/BrickHouse_Base_Stairs_A.prefab using Guid(5400facbffd6b5443b144ee5f7c15a1c) Importer(815301076,1909f56bfc062723c751e8b465ee728b)  -> (artifact id: 'b86108097107bbfcebe411c6953ef504') in 0.704303 seconds 
Number of asset objects unloaded after import = 15
========================================================================
Received Import Request.
  Time since last request: 0.000046 seconds.
  path: Assets/Flooded_Grounds/Prefabs/Buildings/BrickHouse/BrickHouse_IntWall_A.prefab
  artifactKey: Guid(32d75b8d1b966c6489dd7b9cea692094) Importer(815301076,1909f56bfc062723c751e8b465ee728b)
Number of updated assets reloaded before import = 0
Start importing Assets/Flooded_Grounds/Prefabs/Buildings/BrickHouse/BrickHouse_IntWall_A.prefab using Guid(32d75b8d1b966c6489dd7b9cea692094) Importer(815301076,1909f56bfc062723c751e8b465ee728b)  -> (artifact id: '93b597e76f31bd50ad5ae0ca34a1863a') in 0.085341 seconds 
Number of asset objects unloaded after import = 15
========================================================================
Received Import Request.
  Time since last request: 0.000036 seconds.
  path: Assets/Flooded_Grounds/Prefabs/Buildings/BrickHouse/BrickHouse_Mid_B.prefab
  artifactKey: Guid(f4d2356b6ba44cd408e5e133a4a1f2cd) Importer(815301076,1909f56bfc062723c751e8b465ee728b)
Number of updated assets reloaded before import = 0
Start importing Assets/Flooded_Grounds/Prefabs/Buildings/BrickHouse/BrickHouse_Mid_B.prefab using Guid(f4d2356b6ba44cd408e5e133a4a1f2cd) Importer(815301076,1909f56bfc062723c751e8b465ee728b)  -> (artifact id: 'fe9b50ebed0b39a16b166435fcbc074a') in 0.051034 seconds 
Number of asset objects unloaded after import = 15
========================================================================
Received Import Request.
  Time since last request: 0.000019 seconds.
  path: Assets/Flooded_Grounds/Prefabs/Buildings/BrickHouse/BrickHouse_End_A.prefab
  artifactKey: Guid(fa3b1e3b9faf39b4cbc9301d3dd1c175) Importer(815301076,1909f56bfc062723c751e8b465ee728b)
Number of updated assets reloaded before import = 0
Start importing Assets/Flooded_Grounds/Prefabs/Buildings/BrickHouse/BrickHouse_End_A.prefab using Guid(fa3b1e3b9faf39b4cbc9301d3dd1c175) Importer(815301076,1909f56bfc062723c751e8b465ee728b)  -> (artifact id: '7c76f44e9d33ddc9da5aece4fa39f8b6') in 0.047229 seconds 
Number of asset objects unloaded after import = 15
========================================================================
Received Import Request.
  Time since last request: 0.000046 seconds.
  path: Assets/Flooded_Grounds/Prefabs/Buildings/BrickHouse/BrickHouse_Ext_A.prefab
  artifactKey: Guid(84c0630e2101a764bb50018ae3b3ae41) Importer(815301076,1909f56bfc062723c751e8b465ee728b)
Number of updated assets reloaded before import = 0
Start importing Assets/Flooded_Grounds/Prefabs/Buildings/BrickHouse/BrickHouse_Ext_A.prefab using Guid(84c0630e2101a764bb50018ae3b3ae41) Importer(815301076,1909f56bfc062723c751e8b465ee728b)  -> (artifact id: 'aca1b9605af04fbd49fe7dfb0d34cc86') in 0.058731 seconds 
Number of asset objects unloaded after import = 15
========================================================================
Received Import Request.
  Time since last request: 0.000034 seconds.
  path: Assets/Flooded_Grounds/Prefabs/Buildings/BrickHouse/BrickHouse_Mid_C.prefab
  artifactKey: Guid(3a7314dcf081b7f40a4bf8fc185bc9ad) Importer(815301076,1909f56bfc062723c751e8b465ee728b)
Number of updated assets reloaded before import = 0
Start importing Assets/Flooded_Grounds/Prefabs/Buildings/BrickHouse/BrickHouse_Mid_C.prefab using Guid(3a7314dcf081b7f40a4bf8fc185bc9ad) Importer(815301076,1909f56bfc062723c751e8b465ee728b)  -> (artifact id: '12501bae266893c5b564bd19c2d463d4') in 0.059814 seconds 
Number of asset objects unloaded after import = 15
========================================================================
Received Import Request.
  Time since last request: 0.000037 seconds.
  path: Assets/Flooded_Grounds/Prefabs/Buildings/BrickHouse/BrickHouse_Door_A.prefab
  artifactKey: Guid(7c026980fc17fa642b7a22557ebb0007) Importer(815301076,1909f56bfc062723c751e8b465ee728b)
Number of updated assets reloaded before import = 0
Start importing Assets/Flooded_Grounds/Prefabs/Buildings/BrickHouse/BrickHouse_Door_A.prefab using Guid(7c026980fc17fa642b7a22557ebb0007) Importer(815301076,1909f56bfc062723c751e8b465ee728b)  -> (artifact id: '3b55bc558b885d3fa0d2a81e3a2145c6') in 0.077108 seconds 
Number of asset objects unloaded after import = 14
========================================================================
Received Import Request.
  Time since last request: 0.000069 seconds.
  path: Assets/Flooded_Grounds/Prefabs/Buildings/BrickHouse/BrickHouse_Floor_End_A.prefab
  artifactKey: Guid(7144982b2dbf65f4ab9f5f9ce98309e5) Importer(815301076,1909f56bfc062723c751e8b465ee728b)
Number of updated assets reloaded before import = 0
Start importing Assets/Flooded_Grounds/Prefabs/Buildings/BrickHouse/BrickHouse_Floor_End_A.prefab using Guid(7144982b2dbf65f4ab9f5f9ce98309e5) Importer(815301076,1909f56bfc062723c751e8b465ee728b)  -> (artifact id: 'd3540fcebc51c80b4a3acc39f36e7753') in 0.104081 seconds 
Number of asset objects unloaded after import = 15
========================================================================
Received Import Request.
  Time since last request: 0.000028 seconds.
  path: Assets/Flooded_Grounds/Prefabs/Buildings/BrickHouse/BrickHouse_Floor_Mid_A_DM_A.prefab
  artifactKey: Guid(929978fd58ecd9f4a8dfb230290db510) Importer(815301076,1909f56bfc062723c751e8b465ee728b)
Number of updated assets reloaded before import = 0
Start importing Assets/Flooded_Grounds/Prefabs/Buildings/BrickHouse/BrickHouse_Floor_Mid_A_DM_A.prefab using Guid(929978fd58ecd9f4a8dfb230290db510) Importer(815301076,1909f56bfc062723c751e8b465ee728b)  -> (artifact id: 'cad19871a55bd79c283618827f53e754') in 0.074344 seconds 
Number of asset objects unloaded after import = 15
========================================================================
Received Import Request.
  Time since last request: 0.000026 seconds.
  path: Assets/Flooded_Grounds/Prefabs/Buildings/BrickHouse/BrickHouse_IntWall_B.prefab
  artifactKey: Guid(b6995a63df49222409e4c1ba3567bb78) Importer(815301076,1909f56bfc062723c751e8b465ee728b)
Number of updated assets reloaded before import = 0
Start importing Assets/Flooded_Grounds/Prefabs/Buildings/BrickHouse/BrickHouse_IntWall_B.prefab using Guid(b6995a63df49222409e4c1ba3567bb78) Importer(815301076,1909f56bfc062723c751e8b465ee728b)  -> (artifact id: '361ba6dd111e7a7966414b062b5fb1a8') in 0.069962 seconds 
Number of asset objects unloaded after import = 15
========================================================================
Received Import Request.
  Time since last request: 0.000057 seconds.
  path: Assets/Flooded_Grounds/Prefabs/Buildings/BrickHouse/BrickHouse_IntWall_C.prefab
  artifactKey: Guid(9e6595faa92cb044993f2ce0fedd7047) Importer(815301076,1909f56bfc062723c751e8b465ee728b)
Number of updated assets reloaded before import = 0
Start importing Assets/Flooded_Grounds/Prefabs/Buildings/BrickHouse/BrickHouse_IntWall_C.prefab using Guid(9e6595faa92cb044993f2ce0fedd7047) Importer(815301076,1909f56bfc062723c751e8b465ee728b)  -> (artifact id: '7779501ae90f6a1a1d00cd0ae5d248c9') in 0.094521 seconds 
Number of asset objects unloaded after import = 15
========================================================================
Received Import Request.
  Time since last request: 0.000038 seconds.
  path: Assets/Flooded_Grounds/Prefabs/Buildings/BrickHouse/BrickHouse_Mid_A.prefab
  artifactKey: Guid(a169505b1ca79d04e97789db788de88c) Importer(815301076,1909f56bfc062723c751e8b465ee728b)
Number of updated assets reloaded before import = 0
Start importing Assets/Flooded_Grounds/Prefabs/Buildings/BrickHouse/BrickHouse_Mid_A.prefab using Guid(a169505b1ca79d04e97789db788de88c) Importer(815301076,1909f56bfc062723c751e8b465ee728b)  -> (artifact id: 'e1d36dfec54226f3d7a7aff62a979dfd') in 0.071974 seconds 
Number of asset objects unloaded after import = 15
========================================================================
Received Import Request.
  Time since last request: 0.000089 seconds.
  path: Assets/Flooded_Grounds/Prefabs/Buildings/BrickHouse/BrickHouse_Deco_WindowGlass_A.prefab
  artifactKey: Guid(7e9dc500b042d594f976c40103e5aa08) Importer(815301076,1909f56bfc062723c751e8b465ee728b)
Number of updated assets reloaded before import = 0
Start importing Assets/Flooded_Grounds/Prefabs/Buildings/BrickHouse/BrickHouse_Deco_WindowGlass_A.prefab using Guid(7e9dc500b042d594f976c40103e5aa08) Importer(815301076,1909f56bfc062723c751e8b465ee728b)  -> (artifact id: 'ceaf3fdd3dd716ce9b342d17d400db8d') in 0.323751 seconds 
Number of asset objects unloaded after import = 12
========================================================================
Received Import Request.
  Time since last request: 0.000061 seconds.
  path: Assets/Flooded_Grounds/Prefabs/Buildings/BrickHouse/BrickHouse_Ext_B.prefab
  artifactKey: Guid(19dabbbfc2c1ea246a20ea6c8c8c2e92) Importer(815301076,1909f56bfc062723c751e8b465ee728b)
Number of updated assets reloaded before import = 0
Start importing Assets/Flooded_Grounds/Prefabs/Buildings/BrickHouse/BrickHouse_Ext_B.prefab using Guid(19dabbbfc2c1ea246a20ea6c8c8c2e92) Importer(815301076,1909f56bfc062723c751e8b465ee728b)  -> (artifact id: 'c85a59fbc6246eb91594983782e15c4b') in 0.080541 seconds 
Number of asset objects unloaded after import = 15
========================================================================
Received Import Request.
  Time since last request: 0.000119 seconds.
  path: Assets/Flooded_Grounds/Prefabs/Buildings/BrickHouse/BrickHouse_Deco_IntColumn_B.prefab
  artifactKey: Guid(f8fde9bffcef94e43beea47e6903b1f0) Importer(815301076,1909f56bfc062723c751e8b465ee728b)
Number of updated assets reloaded before import = 0
Start importing Assets/Flooded_Grounds/Prefabs/Buildings/BrickHouse/BrickHouse_Deco_IntColumn_B.prefab using Guid(f8fde9bffcef94e43beea47e6903b1f0) Importer(815301076,1909f56bfc062723c751e8b465ee728b)  -> (artifact id: 'fbe6c3f88245d9358fce9e169ff5a75f') in 0.059266 seconds 
Number of asset objects unloaded after import = 15
========================================================================
Received Import Request.
  Time since last request: 0.000033 seconds.
  path: Assets/Flooded_Grounds/Prefabs/Buildings/BrickHouse/BrickHouse_Deco_IntColumn_A.prefab
  artifactKey: Guid(91aa488086ba1864bac8975b7b13487b) Importer(815301076,1909f56bfc062723c751e8b465ee728b)
Number of updated assets reloaded before import = 0
Start importing Assets/Flooded_Grounds/Prefabs/Buildings/BrickHouse/BrickHouse_Deco_IntColumn_A.prefab using Guid(91aa488086ba1864bac8975b7b13487b) Importer(815301076,1909f56bfc062723c751e8b465ee728b)  -> (artifact id: '1f1f06bf993a8c0fa525ef826e991d43') in 0.069381 seconds 
Number of asset objects unloaded after import = 15
========================================================================
Received Import Request.
  Time since last request: 0.000053 seconds.
  path: Assets/Flooded_Grounds/Prefabs/Buildings/BrickHouse/BrickHouse_Deco_WindowGlass_B.prefab
  artifactKey: Guid(eaaa713946d21c349acbc0f8b739f316) Importer(815301076,1909f56bfc062723c751e8b465ee728b)
Number of updated assets reloaded before import = 0
Start importing Assets/Flooded_Grounds/Prefabs/Buildings/BrickHouse/BrickHouse_Deco_WindowGlass_B.prefab using Guid(eaaa713946d21c349acbc0f8b739f316) Importer(815301076,1909f56bfc062723c751e8b465ee728b)  -> (artifact id: '62d86b455b695149193efd857dd6db97') in 0.026694 seconds 
Number of asset objects unloaded after import = 12
========================================================================
Received Import Request.
  Time since last request: 0.000063 seconds.
  path: Assets/Flooded_Grounds/Prefabs/Buildings/BrickHouse/BrickHouse_Floor_Mid_A.prefab
  artifactKey: Guid(241fefb01734dcb4bb0b659e97880922) Importer(815301076,1909f56bfc062723c751e8b465ee728b)
Number of updated assets reloaded before import = 0
Start importing Assets/Flooded_Grounds/Prefabs/Buildings/BrickHouse/BrickHouse_Floor_Mid_A.prefab using Guid(241fefb01734dcb4bb0b659e97880922) Importer(815301076,1909f56bfc062723c751e8b465ee728b)  -> (artifact id: '479164d1d9e2c23831d6cbdc859207d2') in 0.076904 seconds 
Number of asset objects unloaded after import = 15
========================================================================
Received Import Request.
  Time since last request: 0.000047 seconds.
  path: Assets/Flooded_Grounds/Prefabs/Buildings/BrickHouse/BrickHouse_Floor_Mid_A_DM_B.prefab
  artifactKey: Guid(172519860681a8b4cba807037132dde8) Importer(815301076,1909f56bfc062723c751e8b465ee728b)
Number of updated assets reloaded before import = 0
Start importing Assets/Flooded_Grounds/Prefabs/Buildings/BrickHouse/BrickHouse_Floor_Mid_A_DM_B.prefab using Guid(172519860681a8b4cba807037132dde8) Importer(815301076,1909f56bfc062723c751e8b465ee728b)  -> (artifact id: '4e9ce5bd6d801d420d972de3daa4b829') in 0.079064 seconds 
Number of asset objects unloaded after import = 16
========================================================================
Received Import Request.
  Time since last request: 0.000096 seconds.
  path: Assets/Flooded_Grounds/Prefabs/Buildings/BrickHouse/BrickHouse_IntStairs_A.prefab
  artifactKey: Guid(f20c46319d796fd49812eef9f80d87a6) Importer(815301076,1909f56bfc062723c751e8b465ee728b)
Number of updated assets reloaded before import = 0
Start importing Assets/Flooded_Grounds/Prefabs/Buildings/BrickHouse/BrickHouse_IntStairs_A.prefab using Guid(f20c46319d796fd49812eef9f80d87a6) Importer(815301076,1909f56bfc062723c751e8b465ee728b)  -> (artifact id: '53828284895682ecaf746e9568591347') in 0.068774 seconds 
Number of asset objects unloaded after import = 16
========================================================================
Received Import Request.
  Time since last request: 0.000066 seconds.
  path: Assets/Flooded_Grounds/Prefabs/Buildings/BrickHouse/BrickHouse_Floor_End_A_DM_A.prefab
  artifactKey: Guid(e2e47abf26e89c2468ffd16360aa882a) Importer(815301076,1909f56bfc062723c751e8b465ee728b)
Number of updated assets reloaded before import = 0
Start importing Assets/Flooded_Grounds/Prefabs/Buildings/BrickHouse/BrickHouse_Floor_End_A_DM_A.prefab using Guid(e2e47abf26e89c2468ffd16360aa882a) Importer(815301076,1909f56bfc062723c751e8b465ee728b)  -> (artifact id: '07e12c0da8ba1b8ab204fc3afa406abc') in 0.067950 seconds 
Number of asset objects unloaded after import = 15
========================================================================
Received Import Request.
  Time since last request: 0.000048 seconds.
  path: Assets/Flooded_Grounds/Prefabs/Buildings/BrickHouse/BrickHouse_End_B.prefab
  artifactKey: Guid(60a191e2da86e1544948ebd2bc4c7a69) Importer(815301076,1909f56bfc062723c751e8b465ee728b)
Number of updated assets reloaded before import = 0
Start importing Assets/Flooded_Grounds/Prefabs/Buildings/BrickHouse/BrickHouse_End_B.prefab using Guid(60a191e2da86e1544948ebd2bc4c7a69) Importer(815301076,1909f56bfc062723c751e8b465ee728b)  -> (artifact id: '479e53b56842d3bdcab659078056e43f') in 0.069509 seconds 
Number of asset objects unloaded after import = 15
========================================================================
Received Import Request.
  Time since last request: 0.000070 seconds.
  path: Assets/Flooded_Grounds/Prefabs/Buildings/BrickHouse/BrickHouse_Deco_Handrail_Cap_A.prefab
  artifactKey: Guid(57aced364abddec4c936cf4c8f9bf1c8) Importer(815301076,1909f56bfc062723c751e8b465ee728b)
Number of updated assets reloaded before import = 0
Start importing Assets/Flooded_Grounds/Prefabs/Buildings/BrickHouse/BrickHouse_Deco_Handrail_Cap_A.prefab using Guid(57aced364abddec4c936cf4c8f9bf1c8) Importer(815301076,1909f56bfc062723c751e8b465ee728b)  -> (artifact id: '18194fdd0bd60ad9d941a0a55559fea6') in 0.067190 seconds 
Number of asset objects unloaded after import = 15
========================================================================
Received Import Request.
  Time since last request: 0.000086 seconds.
  path: Assets/Flooded_Grounds/Prefabs/Buildings/BrickHouse/BrickHouse_Floor_Mid_B.prefab
  artifactKey: Guid(3f9bb54b0ba0f5a4b8aa264f45880ffc) Importer(815301076,1909f56bfc062723c751e8b465ee728b)
Number of updated assets reloaded before import = 0
Start importing Assets/Flooded_Grounds/Prefabs/Buildings/BrickHouse/BrickHouse_Floor_Mid_B.prefab using Guid(3f9bb54b0ba0f5a4b8aa264f45880ffc) Importer(815301076,1909f56bfc062723c751e8b465ee728b)  -> (artifact id: '002f9c2505f161dc7fde8a5cfe674d58') in 0.071016 seconds 
Number of asset objects unloaded after import = 15
========================================================================
Received Import Request.
  Time since last request: 5.544738 seconds.
  path: Assets/Flooded_Grounds/Prefabs/Backgrounds
  artifactKey: Guid(340d2c0eb993f774c8a414025182f933) Importer(815301076,1909f56bfc062723c751e8b465ee728b)
Number of updated assets reloaded before import = 0
Start importing Assets/Flooded_Grounds/Prefabs/Backgrounds using Guid(340d2c0eb993f774c8a414025182f933) Importer(815301076,1909f56bfc062723c751e8b465ee728b)  -> (artifact id: '719782d8910e4db6096dc35443674f92') in 0.004909 seconds 
Number of asset objects unloaded after import = 0
========================================================================
Received Import Request.
  Time since last request: 0.109173 seconds.
  path: Assets/Flooded_Grounds/Prefabs/Backgrounds/BGR_Factory_A.prefab
  artifactKey: Guid(e5a349e90b7eb7a4a8bb302d1f815dd7) Importer(815301076,1909f56bfc062723c751e8b465ee728b)
Number of updated assets reloaded before import = 0
Start importing Assets/Flooded_Grounds/Prefabs/Backgrounds/BGR_Factory_A.prefab using Guid(e5a349e90b7eb7a4a8bb302d1f815dd7) Importer(815301076,1909f56bfc062723c751e8b465ee728b)  -> (artifact id: '7e931bde1126842f2e4cde007b8bb0da') in 0.081242 seconds 
Number of asset objects unloaded after import = 14
========================================================================
Received Import Request.
  Time since last request: 2.651551 seconds.
  path: Assets/Flooded_Grounds/Prefabs/Atmospherics
  artifactKey: Guid(f9f6b64263d3ed24fae42a3b9ca1b80c) Importer(815301076,1909f56bfc062723c751e8b465ee728b)
Number of updated assets reloaded before import = 0
Start importing Assets/Flooded_Grounds/Prefabs/Atmospherics using Guid(f9f6b64263d3ed24fae42a3b9ca1b80c) Importer(815301076,1909f56bfc062723c751e8b465ee728b)  -> (artifact id: 'd33b4e092d8807953b73acee2346c4fd') in 0.003612 seconds 
Number of asset objects unloaded after import = 0
========================================================================
Received Import Request.
  Time since last request: 0.084351 seconds.
  path: Assets/Flooded_Grounds/Prefabs/Atmospherics/ATM_InteriorDust.prefab
  artifactKey: Guid(198a7384312e9d7418c7d2b63e402e12) Importer(815301076,1909f56bfc062723c751e8b465ee728b)
Number of updated assets reloaded before import = 0
Start importing Assets/Flooded_Grounds/Prefabs/Atmospherics/ATM_InteriorDust.prefab using Guid(198a7384312e9d7418c7d2b63e402e12) Importer(815301076,1909f56bfc062723c751e8b465ee728b)  -> (artifact id: '74d4fe70734a15083c28578eda0bb5f3') in 0.030959 seconds 
Number of asset objects unloaded after import = 8
========================================================================
Received Import Request.
  Time since last request: 2.976424 seconds.
  path: Assets/Flooded_Grounds/Prefabs/Props
  artifactKey: Guid(3a1660f44bc50024fbfee0e71e890ecf) Importer(815301076,1909f56bfc062723c751e8b465ee728b)
Number of updated assets reloaded before import = 0
Start importing Assets/Flooded_Grounds/Prefabs/Props using Guid(3a1660f44bc50024fbfee0e71e890ecf) Importer(815301076,1909f56bfc062723c751e8b465ee728b)  -> (artifact id: 'c39860d6dabdd40e81560e522474be13') in 0.003097 seconds 
Number of asset objects unloaded after import = 0
========================================================================
Received Import Request.
  Time since last request: 0.107697 seconds.
  path: Assets/Flooded_Grounds/Prefabs/Props/Prop_Bed_A.prefab
  artifactKey: Guid(46aad46494938c844a7bfbbcb53b98e1) Importer(815301076,1909f56bfc062723c751e8b465ee728b)
Number of updated assets reloaded before import = 0
Start importing Assets/Flooded_Grounds/Prefabs/Props/Prop_Bed_A.prefab using Guid(46aad46494938c844a7bfbbcb53b98e1) Importer(815301076,1909f56bfc062723c751e8b465ee728b)  -> (artifact id: '92b1cc6e1dfee1dfb85b3027d5f8a91e') in 0.098118 seconds 
Number of asset objects unloaded after import = 27
========================================================================
Received Import Request.
  Time since last request: 0.000049 seconds.
  path: Assets/Flooded_Grounds/Prefabs/Props/Prop_Chair_B.prefab
  artifactKey: Guid(6343c751e9aa748478696f15afed9481) Importer(815301076,1909f56bfc062723c751e8b465ee728b)
Number of updated assets reloaded before import = 0
Start importing Assets/Flooded_Grounds/Prefabs/Props/Prop_Chair_B.prefab using Guid(6343c751e9aa748478696f15afed9481) Importer(815301076,1909f56bfc062723c751e8b465ee728b)  -> (artifact id: '34b6c4ee712dde84b10b3c92673b2607') in 0.083228 seconds 
Number of asset objects unloaded after import = 27
========================================================================
Received Import Request.
  Time since last request: 0.000036 seconds.
  path: Assets/Flooded_Grounds/Prefabs/Props/Prop_Lamp_E.prefab
  artifactKey: Guid(5d0e2f3c9733ad24c8a19d2e89ac5add) Importer(815301076,1909f56bfc062723c751e8b465ee728b)
Number of updated assets reloaded before import = 0
Start importing Assets/Flooded_Grounds/Prefabs/Props/Prop_Lamp_E.prefab using Guid(5d0e2f3c9733ad24c8a19d2e89ac5add) Importer(815301076,1909f56bfc062723c751e8b465ee728b)  -> (artifact id: '3305ecad4fe5368edd05fa1c6677a3fa') in 0.069386 seconds 
Number of asset objects unloaded after import = 27
========================================================================
Received Import Request.
  Time since last request: 0.000075 seconds.
  path: Assets/Flooded_Grounds/Prefabs/Props/Prop_Car1_DM.prefab
  artifactKey: Guid(b3b7096fbf59bdd479179c99cd86d823) Importer(815301076,1909f56bfc062723c751e8b465ee728b)
Number of updated assets reloaded before import = 0
Start importing Assets/Flooded_Grounds/Prefabs/Props/Prop_Car1_DM.prefab using Guid(b3b7096fbf59bdd479179c99cd86d823) Importer(815301076,1909f56bfc062723c751e8b465ee728b)  -> (artifact id: 'c784ec371f190960501f4c65ab6b5ca4') in 0.135040 seconds 
Number of asset objects unloaded after import = 32
========================================================================
Received Import Request.
  Time since last request: 0.000041 seconds.
  path: Assets/Flooded_Grounds/Prefabs/Props/Prop_Pulpit_A.prefab
  artifactKey: Guid(c2e8a3a68e2bc204b950f65c7c7ecef6) Importer(815301076,1909f56bfc062723c751e8b465ee728b)
Number of updated assets reloaded before import = 0
Start importing Assets/Flooded_Grounds/Prefabs/Props/Prop_Pulpit_A.prefab using Guid(c2e8a3a68e2bc204b950f65c7c7ecef6) Importer(815301076,1909f56bfc062723c751e8b465ee728b)  -> (artifact id: '8f969c2b5ee421181dba88cdbe7bcb51') in 0.080324 seconds 
Number of asset objects unloaded after import = 27
========================================================================
Received Import Request.
  Time since last request: 0.000085 seconds.
  path: Assets/Flooded_Grounds/Prefabs/Props/Prop_Painting_D.prefab
  artifactKey: Guid(00941ab5dd3500748ac6e339132b3596) Importer(815301076,1909f56bfc062723c751e8b465ee728b)
Number of updated assets reloaded before import = 0
Start importing Assets/Flooded_Grounds/Prefabs/Props/Prop_Painting_D.prefab using Guid(00941ab5dd3500748ac6e339132b3596) Importer(815301076,1909f56bfc062723c751e8b465ee728b)  -> (artifact id: '658319cdb8293bef489f9f37da34ce91') in 0.077427 seconds 
Number of asset objects unloaded after import = 16
========================================================================
Received Import Request.
  Time since last request: 0.000157 seconds.
  path: Assets/Flooded_Grounds/Prefabs/Props/Prop_Gravestone_A.prefab
  artifactKey: Guid(1eb5970d54060cd4fa9d893223f463e4) Importer(815301076,1909f56bfc062723c751e8b465ee728b)
Number of updated assets reloaded before import = 0
Start importing Assets/Flooded_Grounds/Prefabs/Props/Prop_Gravestone_A.prefab using Guid(1eb5970d54060cd4fa9d893223f463e4) Importer(815301076,1909f56bfc062723c751e8b465ee728b)  -> (artifact id: 'e7a47762a0743793e89a57ec726c413f') in 0.118874 seconds 
Number of asset objects unloaded after import = 19
========================================================================
Received Import Request.
  Time since last request: 0.000107 seconds.
  path: Assets/Flooded_Grounds/Prefabs/Props/Prop_Lamp_D.prefab
  artifactKey: Guid(85bb8601e5e500b4d944c4ac64c546c2) Importer(815301076,1909f56bfc062723c751e8b465ee728b)
Number of updated assets reloaded before import = 0
Start importing Assets/Flooded_Grounds/Prefabs/Props/Prop_Lamp_D.prefab using Guid(85bb8601e5e500b4d944c4ac64c546c2) Importer(815301076,1909f56bfc062723c751e8b465ee728b)  -> (artifact id: 'ccb247fb464e4f7b9033e4056b8eb34a') in 0.072932 seconds 
Number of asset objects unloaded after import = 27
========================================================================
Received Import Request.
  Time since last request: 0.000074 seconds.
  path: Assets/Flooded_Grounds/Prefabs/Props/Prop_Cabinet_B.prefab
  artifactKey: Guid(6dc78eb22702ea84296ffaf6e8826c15) Importer(815301076,1909f56bfc062723c751e8b465ee728b)
Number of updated assets reloaded before import = 0
Start importing Assets/Flooded_Grounds/Prefabs/Props/Prop_Cabinet_B.prefab using Guid(6dc78eb22702ea84296ffaf6e8826c15) Importer(815301076,1909f56bfc062723c751e8b465ee728b)  -> (artifact id: '4fd7f334747a954502bd28742825921b') in 0.055339 seconds 
Number of asset objects unloaded after import = 27
========================================================================
Received Import Request.
  Time since last request: 12.814620 seconds.
  path: Assets/Flooded_Grounds/Prefabs/Nature/Grass
  artifactKey: Guid(89d41932a81369741acdef05630ebfcd) Importer(815301076,1909f56bfc062723c751e8b465ee728b)
Number of updated assets reloaded before import = 0
Start importing Assets/Flooded_Grounds/Prefabs/Nature/Grass using Guid(89d41932a81369741acdef05630ebfcd) Importer(815301076,1909f56bfc062723c751e8b465ee728b)  -> (artifact id: '01de4959d4aaf430fdc17474eae879c6') in 0.002698 seconds 
Number of asset objects unloaded after import = 0
========================================================================
Received Import Request.
  Time since last request: 0.124026 seconds.
  path: Assets/Flooded_Grounds/Prefabs/Nature/Grass/Grass_Med_A.prefab
  artifactKey: Guid(5d46f571dcc2a664381f8adff96066b2) Importer(815301076,1909f56bfc062723c751e8b465ee728b)
Number of updated assets reloaded before import = 0
Start importing Assets/Flooded_Grounds/Prefabs/Nature/Grass/Grass_Med_A.prefab using Guid(5d46f571dcc2a664381f8adff96066b2) Importer(815301076,1909f56bfc062723c751e8b465ee728b)  -> (artifact id: '5b11d45405a344907fca951ab038c7c4') in 0.197907 seconds 
Number of asset objects unloaded after import = 10
========================================================================
Received Import Request.
  Time since last request: 0.000025 seconds.
  path: Assets/Flooded_Grounds/Prefabs/Nature/Grass/Grass_Small_D.prefab
  artifactKey: Guid(883e84064e0818d46b851b53952056f7) Importer(815301076,1909f56bfc062723c751e8b465ee728b)
Number of updated assets reloaded before import = 0
Start importing Assets/Flooded_Grounds/Prefabs/Nature/Grass/Grass_Small_D.prefab using Guid(883e84064e0818d46b851b53952056f7) Importer(815301076,1909f56bfc062723c751e8b465ee728b)  -> (artifact id: '53dc4e645ebe038a228c09effd51ce34') in 0.027211 seconds 
Number of asset objects unloaded after import = 10
========================================================================
Received Import Request.
  Time since last request: 0.000060 seconds.
  path: Assets/Flooded_Grounds/Prefabs/Nature/Grass/Grass_Small_C.prefab
  artifactKey: Guid(1d2935b10b358a344ad9cf0a415ea3fb) Importer(815301076,1909f56bfc062723c751e8b465ee728b)
Number of updated assets reloaded before import = 0
Start importing Assets/Flooded_Grounds/Prefabs/Nature/Grass/Grass_Small_C.prefab using Guid(1d2935b10b358a344ad9cf0a415ea3fb) Importer(815301076,1909f56bfc062723c751e8b465ee728b)  -> (artifact id: 'a06d5e25c6a2d6c143e3edfee55c7fe6') in 0.029378 seconds 
Number of asset objects unloaded after import = 10
========================================================================
Received Import Request.
  Time since last request: 4.013917 seconds.
  path: Assets/Flooded_Grounds/Prefabs/Buildings/Barns
  artifactKey: Guid(e481a572abbb50643bb10996e2f18d85) Importer(815301076,1909f56bfc062723c751e8b465ee728b)
Number of updated assets reloaded before import = 0
Start importing Assets/Flooded_Grounds/Prefabs/Buildings/Barns using Guid(e481a572abbb50643bb10996e2f18d85) Importer(815301076,1909f56bfc062723c751e8b465ee728b)  -> (artifact id: '1e8bb69333ab7736b764b7b86771f83b') in 0.002362 seconds 
Number of asset objects unloaded after import = 0
========================================================================
Received Import Request.
  Time since last request: 1.120575 seconds.
  path: Assets/Flooded_Grounds/Prefabs/Buildings/Barns/Barn1_Door_A.prefab
  artifactKey: Guid(e13d1dd634af0b14eb644117aa5bfdf8) Importer(815301076,1909f56bfc062723c751e8b465ee728b)
Number of updated assets reloaded before import = 0
Start importing Assets/Flooded_Grounds/Prefabs/Buildings/Barns/Barn1_Door_A.prefab using Guid(e13d1dd634af0b14eb644117aa5bfdf8) Importer(815301076,1909f56bfc062723c751e8b465ee728b)  -> (artifact id: '0fd2cd3fb5ba2a90c90fc62f9a9c051d') in 0.117110 seconds 
Number of asset objects unloaded after import = 17
========================================================================
Received Import Request.
  Time since last request: 0.000052 seconds.
  path: Assets/Flooded_Grounds/Prefabs/Buildings/Barns/Barn2_End_A.prefab
  artifactKey: Guid(187cfe41b73208f4ca3c7033eb15603d) Importer(815301076,1909f56bfc062723c751e8b465ee728b)
Number of updated assets reloaded before import = 0
Start importing Assets/Flooded_Grounds/Prefabs/Buildings/Barns/Barn2_End_A.prefab using Guid(187cfe41b73208f4ca3c7033eb15603d) Importer(815301076,1909f56bfc062723c751e8b465ee728b)  -> (artifact id: '41eb6cdcb3758217410660a4a5ce262b') in 0.145295 seconds 
Number of asset objects unloaded after import = 18
Editor requested this worker to shutdown with reason: Scaling down because of idle timeout
AssetImportWorker is now disconnected from the server
Process exiting
Exiting without the bug reporter. Application will terminate with return code 0