Using pre-set license
Built from '2021.3/staging' branch; Version is '2021.3.45f1 (0da89fac8e79) revision 895135'; Using compiler version '192829333'; Build Type 'Release'
OS: 'Windows 11  (10.0.26100) 64bit CoreSingleLanguage' Language: 'es' Physical Memory: 7896 MB
BatchMode: 1, IsHumanControllingUs: 0, StartBugReporterOnCrash: 0, Is64bit: 1, IsPro: 1

COMMAND LINE ARGUMENTS:
C:\Program Files\Unity\Hub\Editor\2021.3.45f1\Editor\Unity.exe
-adb2
-batchMode
-noUpm
-name
AssetImportWorker7
-projectPath
C:/Users/lunam/OneDrive/Escritorio/fps_tal
-logFile
Logs/AssetImportWorker7.log
-srvPort
63196
Successfully changed project path to: C:/Users/lunam/OneDrive/Escritorio/fps_tal
C:/Users/lunam/OneDrive/Escritorio/fps_tal
[UnityMemory] Configuration Parameters - Can be set up in boot.config
    "memorysetup-bucket-allocator-granularity=16"
    "memorysetup-bucket-allocator-bucket-count=8"
    "memorysetup-bucket-allocator-block-size=33554432"
    "memorysetup-bucket-allocator-block-count=8"
    "memorysetup-main-allocator-block-size=16777216"
    "memorysetup-thread-allocator-block-size=16777216"
    "memorysetup-gfx-main-allocator-block-size=16777216"
    "memorysetup-gfx-thread-allocator-block-size=16777216"
    "memorysetup-cache-allocator-block-size=4194304"
    "memorysetup-typetree-allocator-block-size=2097152"
    "memorysetup-profiler-bucket-allocator-granularity=16"
    "memorysetup-profiler-bucket-allocator-bucket-count=8"
    "memorysetup-profiler-bucket-allocator-block-size=33554432"
    "memorysetup-profiler-bucket-allocator-block-count=8"
    "memorysetup-profiler-allocator-block-size=16777216"
    "memorysetup-profiler-editor-allocator-block-size=1048576"
    "memorysetup-temp-allocator-size-main=16777216"
    "memorysetup-job-temp-allocator-block-size=2097152"
    "memorysetup-job-temp-allocator-block-size-background=1048576"
    "memorysetup-job-temp-allocator-reduction-small-platforms=262144"
    "memorysetup-temp-allocator-size-background-worker=32768"
    "memorysetup-temp-allocator-size-job-worker=262144"
    "memorysetup-temp-allocator-size-preload-manager=33554432"
    "memorysetup-temp-allocator-size-nav-mesh-worker=65536"
    "memorysetup-temp-allocator-size-audio-worker=65536"
    "memorysetup-temp-allocator-size-cloud-worker=32768"
    "memorysetup-temp-allocator-size-gi-baking-worker=262144"
    "memorysetup-temp-allocator-size-gfx=262144"
Player connection [7488] Host "[IP] 192.168.56.1 [Port] 0 [Flags] 2 [Guid] 1709263289 [EditorId] 1709263289 [Version] 1048832 [Id] WindowsEditor(7,Luna) [Debug] 1 [PackageName] WindowsEditor [ProjectName] Editor" joined multi-casting on [225.0.0.222:54997]...

Player connection [7488] Host "[IP] 192.168.56.1 [Port] 0 [Flags] 2 [Guid] 1709263289 [EditorId] 1709263289 [Version] 1048832 [Id] WindowsEditor(7,Luna) [Debug] 1 [PackageName] WindowsEditor [ProjectName] Editor" joined alternative multi-casting on [225.0.0.222:34997]...

[Physics::Module] Initialized MultithreadedJobDispatcher with {0} workers.
Refreshing native plugins compatible for Editor in 125.83 ms, found 3 plugins.
Preloading 0 native plugins for Editor in 0.00 ms.
Initialize engine version: 2021.3.45f1 (0da89fac8e79)
[Subsystems] Discovering subsystems at path C:/Program Files/Unity/Hub/Editor/2021.3.45f1/Editor/Data/Resources/UnitySubsystems
[Subsystems] Discovering subsystems at path C:/Users/lunam/OneDrive/Escritorio/fps_tal/Assets
GfxDevice: creating device client; threaded=0; jobified=0
Direct3D:
    Version:  Direct3D 11.0 [level 11.1]
    Renderer: NVIDIA GeForce RTX 3050 Laptop GPU (ID=0x25a2)
    Vendor:   NVIDIA
    VRAM:     3991 MB
    Driver:   30.0.15.1274
Initialize mono
Mono path[0] = 'C:/Program Files/Unity/Hub/Editor/2021.3.45f1/Editor/Data/Managed'
Mono path[1] = 'C:/Program Files/Unity/Hub/Editor/2021.3.45f1/Editor/Data/MonoBleedingEdge/lib/mono/unityjit-win32'
Mono config path = 'C:/Program Files/Unity/Hub/Editor/2021.3.45f1/Editor/Data/MonoBleedingEdge/etc'
Using monoOptions --debugger-agent=transport=dt_socket,embedding=1,server=y,suspend=n,address=127.0.0.1:56780
Begin MonoManager ReloadAssembly
Registering precompiled unity dll's ...
Register platform support module: C:/Program Files/Unity/Hub/Editor/2021.3.45f1/Editor/Data/PlaybackEngines/WindowsStandaloneSupport/UnityEditor.WindowsStandalone.Extensions.dll
Registered in 0.009963 seconds.
Native extension for WindowsStandalone target not found
Refreshing native plugins compatible for Editor in 85.60 ms, found 3 plugins.
Preloading 0 native plugins for Editor in 0.00 ms.
Mono: successfully reloaded assembly
- Completed reload, in  1.101 seconds
Domain Reload Profiling:
	ReloadAssembly (1103ms)
		BeginReloadAssembly (262ms)
			ExecutionOrderSort (0ms)
			DisableScriptedObjects (0ms)
			BackupInstance (0ms)
			ReleaseScriptingObjects (0ms)
			CreateAndSetChildDomain (4ms)
		EndReloadAssembly (687ms)
			LoadAssemblies (254ms)
			RebuildTransferFunctionScriptingTraits (1ms)
			SetupTypeCache (145ms)
			ReleaseScriptCaches (0ms)
			RebuildScriptCaches (45ms)
			SetupLoadedEditorAssemblies (428ms)
				LogAssemblyErrors (0ms)
				InitializePlatformSupportModulesInManaged (11ms)
				SetLoadedEditorAssemblies (0ms)
				RefreshPlugins (86ms)
				BeforeProcessingInitializeOnLoad (3ms)
				ProcessInitializeOnLoadAttributes (243ms)
				ProcessInitializeOnLoadMethodAttributes (84ms)
				AfterProcessingInitializeOnLoad (0ms)
				EditorAssembliesLoaded (0ms)
			ExecutionOrderSort2 (0ms)
			AwakeInstancesAfterBackupRestoration (0ms)
Platform modules already initialized, skipping
Registering precompiled user dll's ...
Registered in 0.040302 seconds.
Begin MonoManager ReloadAssembly
Native extension for WindowsStandalone target not found
Refreshing native plugins compatible for Editor in 0.70 ms, found 3 plugins.
Preloading 0 native plugins for Editor in 0.00 ms.
Package Manager log level set to [2]
[Package Manager] Server::EnsureServerProcessIsRunning -- launch failed, reason: Unity was launched with the -noUpm command-line argument
[Package Manager] Cannot connect to Unity Package Manager local server
Mono: successfully reloaded assembly
- Completed reload, in  1.461 seconds
Domain Reload Profiling:
	ReloadAssembly (1462ms)
		BeginReloadAssembly (150ms)
			ExecutionOrderSort (0ms)
			DisableScriptedObjects (4ms)
			BackupInstance (0ms)
			ReleaseScriptingObjects (0ms)
			CreateAndSetChildDomain (18ms)
		EndReloadAssembly (1216ms)
			LoadAssemblies (181ms)
			RebuildTransferFunctionScriptingTraits (0ms)
			SetupTypeCache (291ms)
			ReleaseScriptCaches (2ms)
			RebuildScriptCaches (44ms)
			SetupLoadedEditorAssemblies (723ms)
				LogAssemblyErrors (0ms)
				InitializePlatformSupportModulesInManaged (4ms)
				SetLoadedEditorAssemblies (0ms)
				RefreshPlugins (1ms)
				BeforeProcessingInitializeOnLoad (50ms)
				ProcessInitializeOnLoadAttributes (640ms)
				ProcessInitializeOnLoadMethodAttributes (22ms)
				AfterProcessingInitializeOnLoad (6ms)
				EditorAssembliesLoaded (1ms)
			ExecutionOrderSort2 (0ms)
			AwakeInstancesAfterBackupRestoration (11ms)
Platform modules already initialized, skipping
========================================================================
Worker process is ready to serve import requests
Launched and connected shader compiler UnityShaderCompiler.exe after 0.09 seconds
Refreshing native plugins compatible for Editor in 1.17 ms, found 3 plugins.
Preloading 0 native plugins for Editor in 0.00 ms.
Unloading 3268 Unused Serialized files (Serialized files now loaded: 0)
Unloading 31 unused Assets / (1.0 MB). Loaded Objects now: 3747.
Memory consumption went from 140.0 MB to 139.0 MB.
Total: 5.041500 ms (FindLiveObjects: 0.519700 ms CreateObjectMapping: 0.160500 ms MarkObjects: 4.008000 ms  DeleteObjects: 0.351900 ms)

AssetImportParameters requested are different than current active one (requested -> active):
  custom:video-decoder-ogg-theora: a1e56fd34408186e4bbccfd4996cb3dc -> 
  custom:container-muxer-webm: aa71ff27fc2769a1b78a27578f13a17b -> 
  custom:container-demuxer-webm: 4f35f7cbe854078d1ac9338744f61a02 -> 
  custom:video-encoder-webm-vp8: eb34c28f22e8b96e1ab97ce403110664 -> 
  custom:CustomObjectIndexerAttribute: bc11b3a6c3213fcdd17b65e7da85e133 -> 
  custom:audio-encoder-webm-vorbis: bf7c407c2cedff20999df2af8eb42d56 -> 
  custom:framework-win-MediaFoundation: 216162199b28c13a410421893ffa2e32 -> 
  custom:SearchIndexIgnoredProperties: e643bd26f0fe6173181afceb89e7c659 -> 
  custom:container-demuxer-ogg: 62fdf1f143b41e24485cea50d1cbac27 -> 
  custom:video-decoder-webm-vp8: 9c59270c3fd7afecdb556c50c9e8de78 -> 
  custom:audio-decoder-ogg-vorbis: bf7c407c2cedff20999df2af8eb42d56 -> 
========================================================================
Received Import Request.
  Time since last request: 976162.599616 seconds.
  path: Assets/Flooded_Grounds/Prefabs/Backgrounds/BGR_Pipe_B.prefab
  artifactKey: Guid(89d3804ae1d951b42a266ad900c34eaf) Importer(815301076,1909f56bfc062723c751e8b465ee728b)
Number of updated assets reloaded before import = 0
Start importing Assets/Flooded_Grounds/Prefabs/Backgrounds/BGR_Pipe_B.prefab using Guid(89d3804ae1d951b42a266ad900c34eaf) Importer(815301076,1909f56bfc062723c751e8b465ee728b)  -> (artifact id: 'e21611fe92932a01bb6485c198e1c73a') in 0.250907 seconds 
Number of asset objects unloaded after import = 17
========================================================================
Received Import Request.
  Time since last request: 5.704383 seconds.
  path: Assets/Flooded_Grounds/Prefabs/Props/Prop_Cabinet_A.prefab
  artifactKey: Guid(d5d4dde01c76a7e4397910ce96898cb1) Importer(815301076,1909f56bfc062723c751e8b465ee728b)
Number of updated assets reloaded before import = 0
Start importing Assets/Flooded_Grounds/Prefabs/Props/Prop_Cabinet_A.prefab using Guid(d5d4dde01c76a7e4397910ce96898cb1) Importer(815301076,1909f56bfc062723c751e8b465ee728b)  -> (artifact id: 'b6d740c328832f20ed054b1d6866c1dc') in 0.098268 seconds 
Number of asset objects unloaded after import = 27
========================================================================
Received Import Request.
  Time since last request: 0.000035 seconds.
  path: Assets/Flooded_Grounds/Prefabs/Props/Prop_ParkBench_A.prefab
  artifactKey: Guid(a43ff2cb77998f24c911c94091c664ba) Importer(815301076,1909f56bfc062723c751e8b465ee728b)
Number of updated assets reloaded before import = 0
Start importing Assets/Flooded_Grounds/Prefabs/Props/Prop_ParkBench_A.prefab using Guid(a43ff2cb77998f24c911c94091c664ba) Importer(815301076,1909f56bfc062723c751e8b465ee728b)  -> (artifact id: 'd44b73243de9dccbffb40d9936116571') in 0.072724 seconds 
Number of asset objects unloaded after import = 34
========================================================================
Received Import Request.
  Time since last request: 0.000051 seconds.
  path: Assets/Flooded_Grounds/Prefabs/Props/Prop_Rug_B.prefab
  artifactKey: Guid(fac85779e5fda1c4493c6d5276271dde) Importer(815301076,1909f56bfc062723c751e8b465ee728b)
Number of updated assets reloaded before import = 0
Start importing Assets/Flooded_Grounds/Prefabs/Props/Prop_Rug_B.prefab using Guid(fac85779e5fda1c4493c6d5276271dde) Importer(815301076,1909f56bfc062723c751e8b465ee728b)  -> (artifact id: 'ecbe27d22793c089aca8a1b6ce70c0f3') in 0.061517 seconds 
Number of asset objects unloaded after import = 16
========================================================================
Received Import Request.
  Time since last request: 0.000019 seconds.
  path: Assets/Flooded_Grounds/Prefabs/Props/Prop_Gravestone_E.prefab
  artifactKey: Guid(73a46d03e13dd2b4ebddaeb829191c7d) Importer(815301076,1909f56bfc062723c751e8b465ee728b)
Number of updated assets reloaded before import = 0
Start importing Assets/Flooded_Grounds/Prefabs/Props/Prop_Gravestone_E.prefab using Guid(73a46d03e13dd2b4ebddaeb829191c7d) Importer(815301076,1909f56bfc062723c751e8b465ee728b)  -> (artifact id: '3bbae004afa96d7fbd13836abdd58c72') in 0.135861 seconds 
Number of asset objects unloaded after import = 19
========================================================================
Received Import Request.
  Time since last request: 0.000056 seconds.
  path: Assets/Flooded_Grounds/Prefabs/Props/Prop_Painting_A.prefab
  artifactKey: Guid(041b5985f303614469cc18a9f5eca9d3) Importer(815301076,1909f56bfc062723c751e8b465ee728b)
Number of updated assets reloaded before import = 0
Start importing Assets/Flooded_Grounds/Prefabs/Props/Prop_Painting_A.prefab using Guid(041b5985f303614469cc18a9f5eca9d3) Importer(815301076,1909f56bfc062723c751e8b465ee728b)  -> (artifact id: '64f813fb85c2db8bd7737f91f7603c88') in 0.082314 seconds 
Number of asset objects unloaded after import = 16
========================================================================
Received Import Request.
  Time since last request: 0.000095 seconds.
  path: Assets/Flooded_Grounds/Prefabs/Props/Prop_Lamp_C.prefab
  artifactKey: Guid(5f0de5ff8858bdd408bd91760c8c70da) Importer(815301076,1909f56bfc062723c751e8b465ee728b)
Number of updated assets reloaded before import = 0
Start importing Assets/Flooded_Grounds/Prefabs/Props/Prop_Lamp_C.prefab using Guid(5f0de5ff8858bdd408bd91760c8c70da) Importer(815301076,1909f56bfc062723c751e8b465ee728b)  -> (artifact id: '3be472ccb2678da825720bcba3ca356e') in 0.076405 seconds 
Number of asset objects unloaded after import = 27
========================================================================
Received Import Request.
  Time since last request: 0.000039 seconds.
  path: Assets/Flooded_Grounds/Prefabs/Props/Prop_Sofa_A.prefab
  artifactKey: Guid(d8740ed2b9dd7eb4f9b01ee19dcf0cd3) Importer(815301076,1909f56bfc062723c751e8b465ee728b)
Number of updated assets reloaded before import = 0
Start importing Assets/Flooded_Grounds/Prefabs/Props/Prop_Sofa_A.prefab using Guid(d8740ed2b9dd7eb4f9b01ee19dcf0cd3) Importer(815301076,1909f56bfc062723c751e8b465ee728b)  -> (artifact id: '743569ee6da2e22a4919776ab250eeae') in 0.075405 seconds 
Number of asset objects unloaded after import = 27
========================================================================
Received Import Request.
  Time since last request: 0.000042 seconds.
  path: Assets/Flooded_Grounds/Prefabs/Props/Prop_SmallTable_B.prefab
  artifactKey: Guid(de989d50c4fd676479d25b597fc65314) Importer(815301076,1909f56bfc062723c751e8b465ee728b)
Number of updated assets reloaded before import = 0
Start importing Assets/Flooded_Grounds/Prefabs/Props/Prop_SmallTable_B.prefab using Guid(de989d50c4fd676479d25b597fc65314) Importer(815301076,1909f56bfc062723c751e8b465ee728b)  -> (artifact id: '1cfc151fd61ed54fb87604807709d9dc') in 0.060776 seconds 
Number of asset objects unloaded after import = 27
========================================================================
Received Import Request.
  Time since last request: 0.000053 seconds.
  path: Assets/Flooded_Grounds/Prefabs/Props/Prop_Lamp_B.prefab
  artifactKey: Guid(0be8dee6ec685e54080e3e3cb3c0101b) Importer(815301076,1909f56bfc062723c751e8b465ee728b)
Number of updated assets reloaded before import = 0
Start importing Assets/Flooded_Grounds/Prefabs/Props/Prop_Lamp_B.prefab using Guid(0be8dee6ec685e54080e3e3cb3c0101b) Importer(815301076,1909f56bfc062723c751e8b465ee728b)  -> (artifact id: 'dc204064d4487edc036f69a4c3520122') in 0.062857 seconds 
Number of asset objects unloaded after import = 27
========================================================================
Received Import Request.
  Time since last request: 0.000071 seconds.
  path: Assets/Flooded_Grounds/Prefabs/Props/Prop_LargeTable_A.prefab
  artifactKey: Guid(a11e981b37ff86749a7a41b2999e3199) Importer(815301076,1909f56bfc062723c751e8b465ee728b)
Number of updated assets reloaded before import = 0
Start importing Assets/Flooded_Grounds/Prefabs/Props/Prop_LargeTable_A.prefab using Guid(a11e981b37ff86749a7a41b2999e3199) Importer(815301076,1909f56bfc062723c751e8b465ee728b)  -> (artifact id: 'c992127e0b8497d28a3788f425a2ac9b') in 0.052486 seconds 
Number of asset objects unloaded after import = 27
========================================================================
Received Import Request.
  Time since last request: 12.962084 seconds.
  path: Assets/Flooded_Grounds/Prefabs/Nature/Grass/Grass_Small_B.prefab
  artifactKey: Guid(bf9be07af37802d45ab1d805925ec862) Importer(815301076,1909f56bfc062723c751e8b465ee728b)
Number of updated assets reloaded before import = 0
Start importing Assets/Flooded_Grounds/Prefabs/Nature/Grass/Grass_Small_B.prefab using Guid(bf9be07af37802d45ab1d805925ec862) Importer(815301076,1909f56bfc062723c751e8b465ee728b)  -> (artifact id: '1c4b137b6efac1cc1b0d805b5d000985') in 0.211585 seconds 
Number of asset objects unloaded after import = 10
========================================================================
Received Import Request.
  Time since last request: 5.180948 seconds.
  path: Assets/Flooded_Grounds/Prefabs/Buildings/Barns/Barn2_Door_A.prefab
  artifactKey: Guid(c3eadb1639d503b45a6e0e4d8fd2e39a) Importer(815301076,1909f56bfc062723c751e8b465ee728b)
Number of updated assets reloaded before import = 0
Start importing Assets/Flooded_Grounds/Prefabs/Buildings/Barns/Barn2_Door_A.prefab using Guid(c3eadb1639d503b45a6e0e4d8fd2e39a) Importer(815301076,1909f56bfc062723c751e8b465ee728b)  -> (artifact id: 'b96234095f51f0024d9130c1bdca5ec5') in 0.235962 seconds 
Number of asset objects unloaded after import = 17
Editor requested this worker to shutdown with reason: Scaling down because of idle timeout
AssetImportWorker is now disconnected from the server
Process exiting
Exiting without the bug reporter. Application will terminate with return code 0